<?xml version="1.0" encoding="UTF-8"?>
<!-- Generated by org.testng.reporters.JUnitReportReporter -->
<testsuite hostname="LAPTOP-MB7DGVQG" failures="0" tests="1" name="com.stc.testMay20231.NewTest" time="3.669" errors="0" timestamp="04 Apr 2023 16:47:40 GMT" skipped="0">
  <testcase classname="com.stc.testMay20231.NewTest" name="f" time="3.669"/>
</testsuite> <!-- com.stc.testMay20231.NewTest -->
